<?xml version="1.0" encoding="UTF-8"?>
<testsuite name="TestSuite" time="26.811" tests="38" errors="0" skipped="7" failures="3">
  <properties>
[...]
</properties>
  <testcase name="noChancesBeforeClass" classname="com.epam.rp.tests.preconditions.FailedBeforesTest" time="1.525">
    <failure message="It was not so many chances, that this method pass expected [1] but found [13]" type="java.lang.AssertionError">java.lang.AssertionError: It was not so many chances, that this method pass expected [1] but found [13]
	at org.testng.Assert.fail(Assert.java:96)
	at org.testng.Assert.failNotEquals(Assert.java:776)
	at org.testng.Assert.assertEqualsImpl(Assert.java:137)
	at org.testng.Assert.assertEquals(Assert.java:118)
	at org.testng.Assert.assertEquals(Assert.java:652)
	at com.epam.rp.tests.preconditions.FailedBeforesTest.noChancesBeforeClass(FailedBeforesTest.java:23)
</failure>
    <system-out><![CDATA[08:01:30.378 WARN  c.e.r.t.BaseTestNGListener - main - WARNING! More than one ReportPortal listener is added
WARNING! More than one ReportPortal listener is added
[TestNG] [WARN] Ignoring duplicate listener : com.epam.reportportal.testng.ReportPortalTestNGListener
[TestNG] [WARN] Ignoring duplicate listener : com.epam.reportportal.testng.ReportPortalTestNGListener
08:01:30.398 WARN  c.e.r.t.BaseTestNGListener - main - WARNING! More than one ReportPortal listener is added
WARNING! More than one ReportPortal listener is added
[TestNG] [WARN] Ignoring duplicate listener : com.epam.reportportal.testng.ReportPortalTestNGListener
[TestNG] [WARN] Ignoring duplicate listener : com.epam.reportportal.testng.ReportPortalTestNGListener
08:01:30.398 WARN  c.e.r.t.BaseTestNGListener - main - WARNING! More than one ReportPortal listener is added
WARNING! More than one ReportPortal listener is added
[TestNG] [WARN] Ignoring duplicate listener : com.epam.reportportal.testng.ReportPortalTestNGListener
[TestNG] [WARN] Ignoring duplicate listener : com.epam.reportportal.testng.ReportPortalTestNGListener
08:01:30.398 WARN  c.e.r.t.BaseTestNGListener - main - WARNING! More than one ReportPortal listener is added
WARNING! More than one ReportPortal listener is added
[TestNG] [WARN] Ignoring duplicate listener : com.epam.reportportal.testng.ReportPortalTestNGListener
[TestNG] [WARN] Ignoring duplicate listener : com.epam.reportportal.testng.ReportPortalTestNGListener
08:01:30.812 INFO  c.e.r.s.Launch - main - Not rerun!
08:01:31.239 INFO  c.e.r.t.p.FailedBeforesTest - main - Are you lucky?
]]></system-out>
  </testcase>
  <testcase name="fiftyFiftyBeforeMethod" classname="com.epam.rp.tests.preconditions.FailedBeforesTest" time="0">
    <skipped/>
  </testcase>
  <testcase name="someSeriousTest1" classname="com.epam.rp.tests.preconditions.FailedBeforesTest" time="0">
    <skipped/>
  </testcase>
  <testcase name="someSeriousTest1" classname="com.epam.rp.tests.preconditions.FailedAftersTest" time="0.001">
    <failure message="expected [You asked me once,&quot; said O&apos;Brien, &quot;what was in Room 101. I told you that you knew the answer already. Everyone knows it. The thing that is in Room 101 is the worst thing in the world] but found [You asked me once,&quot; said O&apos;Brien, &quot;what was in Room 101. I told you that you knew the answer already. Everyone knows it. The thing that is in Room 101 is the worst thing in the world.]" type="java.lang.AssertionError">java.lang.AssertionError: expected [You asked me once," said O'Brien, "what was in Room 101. I told you that you knew the answer already. Everyone knows it. The thing that is in Room 101 is the worst thing in the world] but found [You asked me once," said O'Brien, "what was in Room 101. I told you that you knew the answer already. Everyone knows it. The thing that is in Room 101 is the worst thing in the world.]
	at org.testng.Assert.fail(Assert.java:96)
	at org.testng.Assert.failNotEquals(Assert.java:776)
	at org.testng.Assert.assertEqualsImpl(Assert.java:137)
	at org.testng.Assert.assertEquals(Assert.java:118)
	at org.testng.Assert.assertEquals(Assert.java:453)
	at org.testng.Assert.assertEquals(Assert.java:463)
	at com.epam.rp.tests.preconditions.FailedAftersTest.someSeriousTest1(FailedAftersTest.java:28)
</failure>
    <system-out><![CDATA[08:01:31.456 DEBUG c.e.r.u.SubscriptionUtils - RxComputationThreadPool-1 - Logging context completed
08:01:31.453 DEBUG c.e.r.u.SubscriptionUtils - RxComputationThreadPool-7 - Logging context completed
]]></system-out>
  </testcase>
  <testcase name="fiftyFiftyAfterMethod" classname="com.epam.rp.tests.preconditions.FailedAftersTest" time="0.001">
    <failure message="You are not lucky, man! expected [5] but found [7]" type="java.lang.AssertionError">java.lang.AssertionError: You are not lucky, man! expected [5] but found [7]
	at org.testng.Assert.fail(Assert.java:96)
	at org.testng.Assert.failNotEquals(Assert.java:776)
	at org.testng.Assert.assertEqualsImpl(Assert.java:137)
	at org.testng.Assert.assertEquals(Assert.java:118)
	at org.testng.Assert.assertEquals(Assert.java:652)
	at com.epam.rp.tests.preconditions.FailedAftersTest.fiftyFiftyAfterMethod(FailedAftersTest.java:22)
</failure>
  </testcase>
  <testcase name="someSeriousTest2" classname="com.epam.rp.tests.preconditions.FailedAftersTest" time="0">
    <skipped/>
  </testcase>
  <testcase name="fiftyFiftyAfterMethod" classname="com.epam.rp.tests.preconditions.FailedAftersTest" time="0">
    <skipped/>
    <system-out><![CDATA[08:01:31.459 DEBUG c.e.r.u.SubscriptionUtils - RxComputationThreadPool-1 - Logging context completed
08:01:31.460 DEBUG c.e.r.u.SubscriptionUtils - RxComputationThreadPool-3 - Logging context completed
]]></system-out>
  </testcase>
  <testcase name="someSeriousTest3" classname="com.epam.rp.tests.preconditions.FailedAftersTest" time="0">
    <skipped/>
  </testcase>
  <testcase name="fiftyFiftyAfterMethod" classname="com.epam.rp.tests.preconditions.FailedAftersTest" time="0">
    <skipped/>
    <system-out><![CDATA[08:01:31.461 DEBUG c.e.r.u.SubscriptionUtils - RxComputationThreadPool-12 - Logging context completed
]]></system-out>
  </testcase>
  <testcase name="noCnancesAfterClass" classname="com.epam.rp.tests.preconditions.FailedAftersTest" time="0">
    <skipped/>
    <system-out><![CDATA[08:01:31.462 DEBUG c.e.r.u.SubscriptionUtils - RxComputationThreadPool-7 - Logging context completed
]]></system-out>
  </testcase>
  <testcase name="testHigherBound" classname="com.epam.rp.tests.randomizer.TestRandomizerBoundaries" time="0.001"/>
  <testcase name="testHigherBoundExceeded" classname="com.epam.rp.tests.randomizer.TestRandomizerBoundaries" time="0.001"/>
  <testcase name="testLowerBound" classname="com.epam.rp.tests.randomizer.TestRandomizerBoundaries" time="0.001"/>
  <testcase name="testLowerBoundExceeded" classname="com.epam.rp.tests.randomizer.TestRandomizerBoundaries" time="0"/>
  <testcase name="testRandomizerGenerator" classname="com.epam.rp.tests.randomizer.TestRandomizer" time="0"/>
  <testcase name="testRandomizerNevenLies" classname="com.epam.rp.tests.randomizer.TestRandomizer" time="0.06"/>
  <testcase name="testRandomizerProbability" classname="com.epam.rp.tests.randomizer.TestRandomizer" time="0.059"/>
  <testcase name="testParams" classname="com.epam.rp.tests.parametrized.ParametrizedTest" time="4.918"/>
  <testcase name="testParams" classname="com.epam.rp.tests.parametrized.ParametrizedTest" time="5.01"/>
  <testcase name="testParams" classname="com.epam.rp.tests.parametrized.ParametrizedTest" time="5.018"/>
  <testcase name="testParams" classname="com.epam.rp.tests.parametrized.ParametrizedTest" time="5.019"/>
  <testcase name="logImageBase64" classname="com.epam.rp.tests.logging.LuckyPugTest" time="4.894"/>
  <testcase name="logXmlBase64" classname="com.epam.rp.tests.logging.XmlLoggingTest" time="0"/>
  <testcase name="logXmlFile" classname="com.epam.rp.tests.logging.XmlLoggingTest" time="0"/>
  <testcase name="logXmlBase64" classname="com.epam.rp.tests.logging.XmlLoggingBetterTest" time="0"/>
  <testcase name="logXmlFile" classname="com.epam.rp.tests.logging.XmlLoggingBetterTest" time="0"/>
  <testcase name="logJsonBase64" classname="com.epam.rp.tests.logging.JsonLoggingTest" time="0.001"/>
  <testcase name="logJsonFile" classname="com.epam.rp.tests.logging.JsonLoggingTest" time="0.251"/>
  <testcase name="logCmd" classname="com.epam.rp.tests.logging.LoggingTest" time="0.002"/>
  <testcase name="logCss" classname="com.epam.rp.tests.logging.LoggingTest" time="0.002"/>
  <testcase name="logCsv" classname="com.epam.rp.tests.logging.LoggingTest" time="0.002"/>
  <testcase name="logHar" classname="com.epam.rp.tests.logging.LoggingTest" time="0.002"/>
  <testcase name="logHtml" classname="com.epam.rp.tests.logging.LoggingTest" time="0.003"/>
  <testcase name="logJavascript" classname="com.epam.rp.tests.logging.LoggingTest" time="0.003"/>
  <testcase name="logPdf" classname="com.epam.rp.tests.logging.LoggingTest" time="0.012"/>
  <testcase name="logPhp" classname="com.epam.rp.tests.logging.LoggingTest" time="0.002"/>
  <testcase name="logPlain" classname="com.epam.rp.tests.logging.LoggingTest" time="0.002"/>
  <testcase name="logZip" classname="com.epam.rp.tests.logging.LoggingTest" time="0.021"/>
</testsuite>